<?xml version="1.0" encoding="UTF-8"?>
<!-- Generated by org.testng.reporters.JUnitXMLReporter -->
<testsuite ignored="6" hostname="WINDOWS-5RLB6OD" failures="0" tests="1" name="Default test" time="13.3" errors="0" timestamp="2024-06-10T11:58:14 IST">
  <testcase classname="com.testingPurpose.TestCases" name="verifyErrMsgWrongMobNo" time="0.986"/>
  <testcase classname="com.testingPurpose.TestCases" name="VerifyLoginUsingPOM" time="0.0">
    <ignored/>
  </testcase> <!-- VerifyLoginUsingPOM -->
  <testcase classname="com.testingPurpose.TestCases" name="verifyProduct" time="0.0">
    <ignored/>
  </testcase> <!-- verifyProduct -->
  <testcase classname="com.testingPurpose.TestCases" name="verifyWomenFilterAppliedOrNot" time="0.0">
    <ignored/>
  </testcase> <!-- verifyWomenFilterAppliedOrNot -->
  <testcase classname="com.testingPurpose.TestCases" name="verifyAddToCart" time="0.0">
    <ignored/>
  </testcase> <!-- verifyAddToCart -->
  <testcase classname="com.testingPurpose.TestCases" name="verifyLogin" time="0.0">
    <ignored/>
  </testcase> <!-- verifyLogin -->
  <testcase classname="com.testingPurpose.TestCases" name="verifyLargeView" time="0.0">
    <ignored/>
  </testcase> <!-- verifyLargeView -->
</testsuite> <!-- Default test -->
