<?xml version="1.0" encoding="UTF-8"?>
<testng-results ignored="6" total="7" passed="1" failed="0" skipped="0">
  <reporter-output>
  </reporter-output>
  <suite started-at="2024-06-10T11:58:00 IST" name="Default suite" finished-at="2024-06-10T11:58:14 IST" duration-ms="13300">
    <groups>
    </groups>
    <test started-at="2024-06-10T11:58:00 IST" name="Default test" finished-at="2024-06-10T11:58:14 IST" duration-ms="13300">
      <class name="com.testingPurpose.TestCases">
        <test-method is-config="true" signature="setUp()[pri:0, instance:com.testingPurpose.TestCases@4145bad8]" started-at="2024-06-10T11:58:01 IST" name="setUp" finished-at="2024-06-10T11:58:13 IST" duration-ms="12193" status="PASS">
          <reporter-output>
          </reporter-output>
        </test-method> <!-- setUp -->
        <test-method signature="verifyErrMsgWrongMobNo()[pri:0, instance:com.testingPurpose.TestCases@4145bad8]" started-at="2024-06-10T11:58:13 IST" name="verifyErrMsgWrongMobNo" finished-at="2024-06-10T11:58:14 IST" duration-ms="986" status="PASS">
          <reporter-output>
          </reporter-output>
        </test-method> <!-- verifyErrMsgWrongMobNo -->
      </class> <!-- com.testingPurpose.TestCases -->
    </test> <!-- Default test -->
  </suite> <!-- Default suite -->
</testng-results>
